2021-11-05T23:50:49.705 INFO æŽ§åˆ¶é¢æ¿æ­£åœ¨å¯åŠ¨ä¸­... 
2021-11-05T23:50:49.924 INFO OnlineFs - æ­£åœ¨åˆå§‹åŒ–æ–‡ä»¶ç®¡ç†è·¯ç”±ä¸Žä¸­é—´ä»¶ 
2021-11-05T23:50:49.940 INFO Module - æ­£åœ¨åˆå§‹åŒ–ç”¨æˆ·ç®¡ç†æ¨¡å—
2021-11-05T23:50:49.940 INFO Module - æ­£åœ¨åˆå§‹åŒ–æœåŠ¡ç«¯ç®¡ç†æ¨¡å—
2021-11-05T23:50:49.940 INFO Module - æ­£åœ¨åˆå§‹åŒ–è®¡åˆ’ä»»åŠ¡æ¨¡å—
2021-11-05T23:50:49.956 INFO HTTP - HTTP æ¨¡å—ç›‘å¬: [ http://[33m127.0.0.1[39m:23333 ]
2021-11-05T23:50:49.956 INFO é…ç½®æ–‡ä»¶: property.js æ–‡ä»¶
2021-11-05T23:50:49.956 INFO æ–‡æ¡£å‚é˜…: https://github.com/suwings/mcsmanager
2021-11-05T23:50:49.956 INFO æŽ§åˆ¶é¢æ¿å·²ç»å¯åŠ¨
2021-11-05T23:51:09.936 INFO [ Token ] æœªç™»å½•ç”¨æˆ·   è¯·æ±‚æ›´æ–°ä»¤ç‰Œ | å·²ç»é˜»æ­¢ 
2021-11-05T23:51:25.289 INFO ç”¨æˆ· #ylkawa æ­£åœ¨å°è¯•ç™»å½•... 
2021-11-05T23:51:25.289 INFO [ Login ] ç”¨æˆ·: #ylkawa å¯†åŒ™æ­£ç¡® å‡†è®¸ç™»å½• 
2021-11-05T23:51:29.024 INFO [ Token ] ç”¨æˆ·  #ylkawa  è¯·æ±‚æ›´æ–°ä»¤ç‰Œ | å‡†è®¸ 
2021-11-05T23:51:29.196 INFO [ WS CREATE ] æ–°çš„ Ws åˆ›å»º ä¼šè¯ID: [ Kr_H8Rh9kQWqGlQPFpAFiWwQORqotwPJ ] 
2021-11-05T23:51:29.196 INFO [ WebSocket INIT ]  ç”¨æˆ·: #ylkawa ä¸ŽæœåŠ¡å™¨å»ºç«‹é“¾æŽ¥ 
2021-11-05T23:51:49.929 INFO ç”¨æˆ·  #ylkawa  æ­£åœ¨å¯åŠ¨  new_server_1773000  æœåŠ¡ç«¯å®žä¾‹... 
2021-11-05T23:51:49.929 INFO Minecraft Server start - new_server_1773000
2021-11-05T23:51:49.929 INFO æœåŠ¡å™¨ [ new_server_1773000 ] å¯åŠ¨è¿›ç¨‹: 
2021-11-05T23:51:49.929 INFO ------------------------------- 
2021-11-05T23:51:49.929 INFO è‡ªå®šä¹‰å‚æ•°å¯åŠ¨:  java -Xmx2048M -Xms2048M -javaagent:authlib-injector-1.1.38.jar=https://skin.warma.ren/api/yggdrasil -jar minecraft_server.1.16.5.jar nogui 
2021-11-05T23:51:49.929 INFO æ ¹: ./server/server_core/new_server_1773000 
2021-11-05T23:51:49.929 INFO ------------------------------- 
2021-11-05T23:51:50.148 INFO [new_server_1773000] >>> è¿›ç¨‹åˆ›å»º 
2021-11-05T23:56:20.704 INFO [new_server_1773000] >>> å‡†è®¸ç”¨æˆ· #ylkawa æŽ§åˆ¶å°ç›‘å¬ 
2021-11-05T23:58:49.620 INFO [new_server_1773000] >>> è¿›ç¨‹é€€å‡º 
2021-11-05T23:59:43.555 INFO ç”¨æˆ·  #ylkawa  æ­£åœ¨å¯åŠ¨  new_server_1773000  æœåŠ¡ç«¯å®žä¾‹... 
2021-11-05T23:59:43.556 INFO Minecraft Server start - new_server_1773000
2021-11-05T23:59:43.556 INFO æœåŠ¡å™¨ [ new_server_1773000 ] å¯åŠ¨è¿›ç¨‹: 
2021-11-05T23:59:43.556 INFO ------------------------------- 
2021-11-05T23:59:43.557 INFO è‡ªå®šä¹‰å‚æ•°å¯åŠ¨:  java -Xmx2048M -Xms2048M -javaagent:authlib-injector-1.1.38.jar=https://skin.warma.ren/api/yggdrasil -jar minecraft_server.1.16.5.jar nogui 
2021-11-05T23:59:43.557 INFO æ ¹: ./server/server_core/new_server_1773000 
2021-11-05T23:59:43.557 INFO ------------------------------- 
2021-11-05T23:59:43.703 INFO [new_server_1773000] >>> è¿›ç¨‹åˆ›å»º 
2021-11-05T23:59:46.473 INFO [new_server_1773000] >>> å‡†è®¸ç”¨æˆ· #ylkawa æŽ§åˆ¶å°ç›‘å¬ 
2021-11-05T23:59:58.241 INFO [new_server_1773000] >>> å‡†è®¸ç”¨æˆ· #ylkawa æŽ§åˆ¶å°ç›‘å¬ 
2021-11-05T23:59:59.358 INFO è‡ªåŠ¨æ›´æ–°æ–°é—»åŠ¨æ€ä¸Žæœ€æ–°æ¶ˆæ¯
2021-11-06T00:32:05.694 INFO [ WebSocket HBPackage ] ç”¨æˆ· #ylkawa é•¿æ—¶é—´æœªå“åº”å¿ƒè·³åŒ… | å·²è‡ªåŠ¨æ–­å¼€ 
2021-11-06T00:32:05.696 INFO [ WebSocket CLOSE ] ç”¨æˆ· #ylkawa å·²ç»æ–­å¼€é“¾æŽ¥ 
2021-11-06T10:18:55.559 INFO [ Token ] æœªç™»å½•ç”¨æˆ·   è¯·æ±‚æ›´æ–°ä»¤ç‰Œ | å·²ç»é˜»æ­¢ 
2021-11-06T10:18:59.217 INFO ç”¨æˆ· #ylkawa æ­£åœ¨å°è¯•ç™»å½•... 
2021-11-06T10:18:59.220 INFO [ Login ] ç”¨æˆ·: #ylkawa å¯†åŒ™æ­£ç¡® å‡†è®¸ç™»å½• 
2021-11-06T10:18:59.906 INFO [ Token ] ç”¨æˆ·  #ylkawa  è¯·æ±‚æ›´æ–°ä»¤ç‰Œ | å‡†è®¸ 
2021-11-06T10:19:00.111 INFO [ WS CREATE ] æ–°çš„ Ws åˆ›å»º ä¼šè¯ID: [ TYkQjkr-ZEK-RxxXPymUxSPp43tBNaxF ] 
2021-11-06T10:19:00.112 INFO [ WebSocket INIT ]  ç”¨æˆ·: #ylkawa ä¸ŽæœåŠ¡å™¨å»ºç«‹é“¾æŽ¥ 
2021-11-06T10:19:39.092 INFO [ WebSocket CLOSE ] ç”¨æˆ· #ylkawa å·²ç»æ–­å¼€é“¾æŽ¥ 
2021-11-06T14:53:36.601 INFO [ Token ] æœªç™»å½•ç”¨æˆ·   è¯·æ±‚æ›´æ–°ä»¤ç‰Œ | å·²ç»é˜»æ­¢ 
2021-11-06T23:59:59.007 INFO è‡ªåŠ¨æ›´æ–°æ–°é—»åŠ¨æ€ä¸Žæœ€æ–°æ¶ˆæ¯
2021-11-07T23:59:59.007 INFO è‡ªåŠ¨æ›´æ–°æ–°é—»åŠ¨æ€ä¸Žæœ€æ–°æ¶ˆæ¯
2021-11-08T23:59:59.005 INFO è‡ªåŠ¨æ›´æ–°æ–°é—»åŠ¨æ€ä¸Žæœ€æ–°æ¶ˆæ¯
2021-11-09T18:52:25.836 INFO ç”¨æˆ· ylkawa æ­£åœ¨å°è¯•ç™»å½•... 
2021-11-09T18:52:25.838 INFO [ Login ] ç”¨æˆ·: ylkawa å¯†åŒ™é”™è¯¯ æ‹’ç»ç™»å½• 
2021-11-09T18:52:38.528 INFO ç”¨æˆ· #ylkawa æ­£åœ¨å°è¯•ç™»å½•... 
2021-11-09T18:52:38.536 INFO [ Login ] ç”¨æˆ·: #ylkawa å¯†åŒ™æ­£ç¡® å‡†è®¸ç™»å½• 
2021-11-09T18:52:39.691 INFO [ Token ] ç”¨æˆ·  #ylkawa  è¯·æ±‚æ›´æ–°ä»¤ç‰Œ | å‡†è®¸ 
2021-11-09T18:52:39.986 INFO [ WS CREATE ] æ–°çš„ Ws åˆ›å»º ä¼šè¯ID: [ lEzryqMBnvhw_25pPblvATinu-E2kxeq ] 
2021-11-09T18:52:39.986 INFO [ WebSocket INIT ]  ç”¨æˆ·: #ylkawa ä¸ŽæœåŠ¡å™¨å»ºç«‹é“¾æŽ¥ 
2021-11-09T18:54:00.206 INFO [ WebSocket CLOSE ] ç”¨æˆ· #ylkawa å·²ç»æ–­å¼€é“¾æŽ¥ 
2021-11-09T23:59:59.006 INFO è‡ªåŠ¨æ›´æ–°æ–°é—»åŠ¨æ€ä¸Žæœ€æ–°æ¶ˆæ¯
2021-11-10T23:59:59.007 INFO è‡ªåŠ¨æ›´æ–°æ–°é—»åŠ¨æ€ä¸Žæœ€æ–°æ¶ˆæ¯
2021-11-11T23:59:59.006 INFO è‡ªåŠ¨æ›´æ–°æ–°é—»åŠ¨æ€ä¸Žæœ€æ–°æ¶ˆæ¯
2021-11-12T23:59:59.006 INFO è‡ªåŠ¨æ›´æ–°æ–°é—»åŠ¨æ€ä¸Žæœ€æ–°æ¶ˆæ¯
2021-11-13T23:59:59.006 INFO è‡ªåŠ¨æ›´æ–°æ–°é—»åŠ¨æ€ä¸Žæœ€æ–°æ¶ˆæ¯
2021-11-14T23:59:59.006 INFO è‡ªåŠ¨æ›´æ–°æ–°é—»åŠ¨æ€ä¸Žæœ€æ–°æ¶ˆæ¯
2021-11-15T23:59:59.006 INFO è‡ªåŠ¨æ›´æ–°æ–°é—»åŠ¨æ€ä¸Žæœ€æ–°æ¶ˆæ¯
2021-11-16T23:59:59.007 INFO è‡ªåŠ¨æ›´æ–°æ–°é—»åŠ¨æ€ä¸Žæœ€æ–°æ¶ˆæ¯
2021-11-17T23:59:59.007 INFO è‡ªåŠ¨æ›´æ–°æ–°é—»åŠ¨æ€ä¸Žæœ€æ–°æ¶ˆæ¯
2021-11-18T13:26:35.301 INFO ç”¨æˆ· ylkawa æ­£åœ¨å°è¯•ç™»å½•... 
2021-11-18T13:26:35.304 INFO [ Login ] ç”¨æˆ·: ylkawa å¯†åŒ™é”™è¯¯ æ‹’ç»ç™»å½• 
2021-11-18T13:26:38.280 INFO ç”¨æˆ· ylkawa æ­£åœ¨å°è¯•ç™»å½•... 
2021-11-18T13:26:38.281 INFO [ Login ] ç”¨æˆ·: ylkawa å¯†åŒ™é”™è¯¯ æ‹’ç»ç™»å½• 
2021-11-18T13:26:45.947 INFO ç”¨æˆ· ylkawa æ­£åœ¨å°è¯•ç™»å½•... 
2021-11-18T13:26:45.949 INFO [ Login ] ç”¨æˆ·: ylkawa å¯†åŒ™é”™è¯¯ æ‹’ç»ç™»å½• 
2021-11-18T13:32:26.969 INFO [new_server_1773000] >>> è¿›ç¨‹é€€å‡º 
