2021-11-05T23:34:53.413 INFO æŽ§åˆ¶é¢æ¿æ­£åœ¨å¯åŠ¨ä¸­... 
2021-11-05T23:34:54.491 INFO OnlineFs - æ­£åœ¨åˆå§‹åŒ–æ–‡ä»¶ç®¡ç†è·¯ç”±ä¸Žä¸­é—´ä»¶ 
2021-11-05T23:34:54.569 INFO Module - æ­£åœ¨åˆå§‹åŒ–ç”¨æˆ·ç®¡ç†æ¨¡å—
2021-11-05T23:34:54.616 INFO Module - æ­£åœ¨åˆå§‹åŒ–æœåŠ¡ç«¯ç®¡ç†æ¨¡å—
2021-11-05T23:34:54.632 INFO Module - æ­£åœ¨åˆå§‹åŒ–è®¡åˆ’ä»»åŠ¡æ¨¡å—
2021-11-05T23:34:54.679 INFO HTTP - HTTP æ¨¡å—ç›‘å¬: [ http://[33m127.0.0.1[39m:23333 ]
2021-11-05T23:34:54.679 INFO é…ç½®æ–‡ä»¶: property.js æ–‡ä»¶
2021-11-05T23:34:54.679 INFO æ–‡æ¡£å‚é˜…: https://github.com/suwings/mcsmanager
2021-11-05T23:34:54.679 INFO æŽ§åˆ¶é¢æ¿å·²ç»å¯åŠ¨
2021-11-05T23:34:57.710 INFO Minecraft Server start - new_server_1773000
2021-11-05T23:34:57.710 INFO æœåŠ¡å™¨ [ new_server_1773000 ] å¯åŠ¨è¿›ç¨‹: 
2021-11-05T23:34:57.710 INFO ------------------------------- 
2021-11-05T23:34:57.710 INFO è‡ªå®šä¹‰å‚æ•°å¯åŠ¨:  java -Xmx2048M -Xms2048M -javaagent:authlib-injector-1.1.38.jar=https://skin.warma.ren/api/yggdrasil -jar minecraft_server.1.16.5.jar nogui 
2021-11-05T23:34:57.710 INFO æ ¹: ./server/server_core/new_server_1773000 
2021-11-05T23:34:57.710 INFO ------------------------------- 
2021-11-05T23:34:57.866 INFO [new_server_1773000] >>> è¿›ç¨‹åˆ›å»º 
2021-11-05T23:34:57.866 INFO æœåŠ¡å™¨new_server_1773000å·²è‡ªåŠ¨å¯åŠ¨
2021-11-05T23:34:58.101 INFO [new_server_1773000] >>> è¿›ç¨‹é€€å‡º 
2021-11-05T23:34:58.382 INFO [ Token ] æœªç™»å½•ç”¨æˆ·   è¯·æ±‚æ›´æ–°ä»¤ç‰Œ | å·²ç»é˜»æ­¢ 
2021-11-05T23:35:03.116 INFO Minecraft Server start - new_server_1773000
2021-11-05T23:35:03.116 INFO æœåŠ¡å™¨ [ new_server_1773000 ] å¯åŠ¨è¿›ç¨‹: 
2021-11-05T23:35:03.116 INFO ------------------------------- 
2021-11-05T23:35:03.116 INFO è‡ªå®šä¹‰å‚æ•°å¯åŠ¨:  java -Xmx2048M -Xms2048M -javaagent:authlib-injector-1.1.38.jar=https://skin.warma.ren/api/yggdrasil -jar minecraft_server.1.16.5.jar nogui 
2021-11-05T23:35:03.116 INFO æ ¹: ./server/server_core/new_server_1773000 
2021-11-05T23:35:03.116 INFO ------------------------------- 
2021-11-05T23:35:03.116 INFO [new_server_1773000] >>> è¿›ç¨‹åˆ›å»º 
2021-11-05T23:35:03.179 INFO [new_server_1773000] >>> è¿›ç¨‹é€€å‡º 
2021-11-05T23:35:07.241 INFO ç”¨æˆ· #ylkawa æ­£åœ¨å°è¯•ç™»å½•... 
2021-11-05T23:35:07.241 INFO [ Login ] ç”¨æˆ·: #ylkawa å¯†åŒ™æ­£ç¡® å‡†è®¸ç™»å½• 
2021-11-05T23:35:08.210 INFO Minecraft Server start - new_server_1773000
2021-11-05T23:35:08.210 INFO æœåŠ¡å™¨ [ new_server_1773000 ] å¯åŠ¨è¿›ç¨‹: 
2021-11-05T23:35:08.210 INFO ------------------------------- 
2021-11-05T23:35:08.210 INFO è‡ªå®šä¹‰å‚æ•°å¯åŠ¨:  java -Xmx2048M -Xms2048M -javaagent:authlib-injector-1.1.38.jar=https://skin.warma.ren/api/yggdrasil -jar minecraft_server.1.16.5.jar nogui 
2021-11-05T23:35:08.210 INFO æ ¹: ./server/server_core/new_server_1773000 
2021-11-05T23:35:08.210 INFO ------------------------------- 
2021-11-05T23:35:08.210 INFO [new_server_1773000] >>> è¿›ç¨‹åˆ›å»º 
2021-11-05T23:35:08.273 INFO [new_server_1773000] >>> è¿›ç¨‹é€€å‡º 
2021-11-05T23:35:10.773 INFO [ Token ] ç”¨æˆ·  #ylkawa  è¯·æ±‚æ›´æ–°ä»¤ç‰Œ | å‡†è®¸ 
2021-11-05T23:35:11.304 INFO [ WS CREATE ] æ–°çš„ Ws åˆ›å»º ä¼šè¯ID: [ 5NHVQhmiYMyTmjC2C44_HV4gQg9Yyuwi ] 
2021-11-05T23:35:11.304 INFO [ WebSocket INIT ]  ç”¨æˆ·: #ylkawa ä¸ŽæœåŠ¡å™¨å»ºç«‹é“¾æŽ¥ 
2021-11-05T23:35:13.288 INFO Minecraft Server start - new_server_1773000
2021-11-05T23:35:13.288 INFO æœåŠ¡å™¨ [ new_server_1773000 ] å¯åŠ¨è¿›ç¨‹: 
2021-11-05T23:35:13.288 INFO ------------------------------- 
2021-11-05T23:35:13.288 INFO è‡ªå®šä¹‰å‚æ•°å¯åŠ¨:  java -Xmx2048M -Xms2048M -javaagent:authlib-injector-1.1.38.jar=https://skin.warma.ren/api/yggdrasil -jar minecraft_server.1.16.5.jar nogui 
2021-11-05T23:35:13.288 INFO æ ¹: ./server/server_core/new_server_1773000 
2021-11-05T23:35:13.288 INFO ------------------------------- 
2021-11-05T23:35:13.288 INFO [new_server_1773000] >>> è¿›ç¨‹åˆ›å»º 
2021-11-05T23:35:13.366 INFO [new_server_1773000] >>> è¿›ç¨‹é€€å‡º 
2021-11-05T23:35:14.522 INFO ç”¨æˆ·  #ylkawa  æ­£åœ¨å¯åŠ¨  new_server_1773000  æœåŠ¡ç«¯å®žä¾‹... 
2021-11-05T23:35:14.522 INFO Minecraft Server start - new_server_1773000
2021-11-05T23:35:14.522 INFO æœåŠ¡å™¨ [ new_server_1773000 ] å¯åŠ¨è¿›ç¨‹: 
2021-11-05T23:35:14.522 INFO ------------------------------- 
2021-11-05T23:35:14.522 INFO è‡ªå®šä¹‰å‚æ•°å¯åŠ¨:  java -Xmx2048M -Xms2048M -javaagent:authlib-injector-1.1.38.jar=https://skin.warma.ren/api/yggdrasil -jar minecraft_server.1.16.5.jar nogui 
2021-11-05T23:35:14.522 INFO æ ¹: ./server/server_core/new_server_1773000 
2021-11-05T23:35:14.522 INFO ------------------------------- 
2021-11-05T23:35:14.522 INFO [new_server_1773000] >>> è¿›ç¨‹åˆ›å»º 
2021-11-05T23:35:14.601 INFO [new_server_1773000] >>> è¿›ç¨‹é€€å‡º 
2021-11-05T23:35:18.382 INFO Minecraft Server start - new_server_1773000
2021-11-05T23:35:18.382 INFO æœåŠ¡å™¨ [ new_server_1773000 ] å¯åŠ¨è¿›ç¨‹: 
2021-11-05T23:35:18.382 INFO ------------------------------- 
2021-11-05T23:35:18.382 INFO è‡ªå®šä¹‰å‚æ•°å¯åŠ¨:  java -Xmx2048M -Xms2048M -javaagent:authlib-injector-1.1.38.jar=https://skin.warma.ren/api/yggdrasil -jar minecraft_server.1.16.5.jar nogui 
2021-11-05T23:35:18.382 INFO æ ¹: ./server/server_core/new_server_1773000 
2021-11-05T23:35:18.382 INFO ------------------------------- 
2021-11-05T23:35:18.382 INFO [new_server_1773000] >>> è¿›ç¨‹åˆ›å»º 
2021-11-05T23:35:18.445 INFO [new_server_1773000] >>> è¿›ç¨‹é€€å‡º 
2021-11-05T23:35:19.616 INFO Minecraft Server start - new_server_1773000
2021-11-05T23:35:19.616 INFO æœåŠ¡å™¨ [ new_server_1773000 ] å¯åŠ¨è¿›ç¨‹: 
2021-11-05T23:35:19.616 INFO ------------------------------- 
2021-11-05T23:35:19.616 INFO è‡ªå®šä¹‰å‚æ•°å¯åŠ¨:  java -Xmx2048M -Xms2048M -javaagent:authlib-injector-1.1.38.jar=https://skin.warma.ren/api/yggdrasil -jar minecraft_server.1.16.5.jar nogui 
2021-11-05T23:35:19.616 INFO æ ¹: ./server/server_core/new_server_1773000 
2021-11-05T23:35:19.616 INFO ------------------------------- 
2021-11-05T23:35:19.616 INFO [new_server_1773000] >>> è¿›ç¨‹åˆ›å»º 
2021-11-05T23:35:19.679 INFO [new_server_1773000] >>> è¿›ç¨‹é€€å‡º 
2021-11-05T23:35:23.476 INFO Minecraft Server start - new_server_1773000
2021-11-05T23:35:23.476 INFO æœåŠ¡å™¨ [ new_server_1773000 ] å¯åŠ¨è¿›ç¨‹: 
2021-11-05T23:35:23.476 INFO ------------------------------- 
2021-11-05T23:35:23.476 INFO è‡ªå®šä¹‰å‚æ•°å¯åŠ¨:  java -Xmx2048M -Xms2048M -javaagent:authlib-injector-1.1.38.jar=https://skin.warma.ren/api/yggdrasil -jar minecraft_server.1.16.5.jar nogui 
2021-11-05T23:35:23.476 INFO æ ¹: ./server/server_core/new_server_1773000 
2021-11-05T23:35:23.476 INFO ------------------------------- 
2021-11-05T23:35:23.476 INFO [new_server_1773000] >>> è¿›ç¨‹åˆ›å»º 
2021-11-05T23:35:23.554 INFO [new_server_1773000] >>> è¿›ç¨‹é€€å‡º 
2021-11-05T23:35:24.695 INFO Minecraft Server start - new_server_1773000
2021-11-05T23:35:24.695 INFO æœåŠ¡å™¨ [ new_server_1773000 ] å¯åŠ¨è¿›ç¨‹: 
2021-11-05T23:35:24.695 INFO ------------------------------- 
2021-11-05T23:35:24.695 INFO è‡ªå®šä¹‰å‚æ•°å¯åŠ¨:  java -Xmx2048M -Xms2048M -javaagent:authlib-injector-1.1.38.jar=https://skin.warma.ren/api/yggdrasil -jar minecraft_server.1.16.5.jar nogui 
2021-11-05T23:35:24.695 INFO æ ¹: ./server/server_core/new_server_1773000 
2021-11-05T23:35:24.695 INFO ------------------------------- 
2021-11-05T23:35:24.695 INFO [new_server_1773000] >>> è¿›ç¨‹åˆ›å»º 
2021-11-05T23:35:24.772 INFO [new_server_1773000] >>> è¿›ç¨‹é€€å‡º 
2021-11-05T23:35:28.570 INFO Minecraft Server start - new_server_1773000
2021-11-05T23:35:28.570 INFO æœåŠ¡å™¨ [ new_server_1773000 ] å¯åŠ¨è¿›ç¨‹: 
2021-11-05T23:35:28.570 INFO ------------------------------- 
2021-11-05T23:35:28.570 INFO è‡ªå®šä¹‰å‚æ•°å¯åŠ¨:  java -Xmx2048M -Xms2048M -javaagent:authlib-injector-1.1.38.jar=https://skin.warma.ren/api/yggdrasil -jar minecraft_server.1.16.5.jar nogui 
2021-11-05T23:35:28.570 INFO æ ¹: ./server/server_core/new_server_1773000 
2021-11-05T23:35:28.570 INFO ------------------------------- 
2021-11-05T23:35:28.570 INFO [new_server_1773000] >>> è¿›ç¨‹åˆ›å»º 
2021-11-05T23:35:28.648 INFO [new_server_1773000] >>> è¿›ç¨‹é€€å‡º 
2021-11-05T23:35:29.788 INFO Minecraft Server start - new_server_1773000
2021-11-05T23:35:29.788 INFO æœåŠ¡å™¨ [ new_server_1773000 ] å¯åŠ¨è¿›ç¨‹: 
2021-11-05T23:35:29.788 INFO ------------------------------- 
2021-11-05T23:35:29.788 INFO è‡ªå®šä¹‰å‚æ•°å¯åŠ¨:  java -Xmx2048M -Xms2048M -javaagent:authlib-injector-1.1.38.jar=https://skin.warma.ren/api/yggdrasil -jar minecraft_server.1.16.5.jar nogui 
2021-11-05T23:35:29.788 INFO æ ¹: ./server/server_core/new_server_1773000 
2021-11-05T23:35:29.788 INFO ------------------------------- 
2021-11-05T23:35:29.788 INFO [new_server_1773000] >>> è¿›ç¨‹åˆ›å»º 
2021-11-05T23:35:29.866 INFO [new_server_1773000] >>> è¿›ç¨‹é€€å‡º 
2021-11-05T23:35:33.663 INFO Minecraft Server start - new_server_1773000
2021-11-05T23:35:33.663 INFO æœåŠ¡å™¨ [ new_server_1773000 ] å¯åŠ¨è¿›ç¨‹: 
2021-11-05T23:35:33.663 INFO ------------------------------- 
2021-11-05T23:35:33.663 INFO è‡ªå®šä¹‰å‚æ•°å¯åŠ¨:  java -Xmx2048M -Xms2048M -javaagent:authlib-injector-1.1.38.jar=https://skin.warma.ren/api/yggdrasil -jar minecraft_server.1.16.5.jar nogui 
2021-11-05T23:35:33.663 INFO æ ¹: ./server/server_core/new_server_1773000 
2021-11-05T23:35:33.663 INFO ------------------------------- 
2021-11-05T23:35:33.663 INFO [new_server_1773000] >>> è¿›ç¨‹åˆ›å»º 
2021-11-05T23:35:33.820 INFO [new_server_1773000] >>> è¿›ç¨‹é€€å‡º 
2021-11-05T23:35:34.882 INFO Minecraft Server start - new_server_1773000
2021-11-05T23:35:34.882 INFO æœåŠ¡å™¨ [ new_server_1773000 ] å¯åŠ¨è¿›ç¨‹: 
2021-11-05T23:35:34.882 INFO ------------------------------- 
2021-11-05T23:35:34.882 INFO è‡ªå®šä¹‰å‚æ•°å¯åŠ¨:  java -Xmx2048M -Xms2048M -javaagent:authlib-injector-1.1.38.jar=https://skin.warma.ren/api/yggdrasil -jar minecraft_server.1.16.5.jar nogui 
2021-11-05T23:35:34.882 INFO æ ¹: ./server/server_core/new_server_1773000 
2021-11-05T23:35:34.882 INFO ------------------------------- 
2021-11-05T23:35:34.882 INFO [new_server_1773000] >>> è¿›ç¨‹åˆ›å»º 
2021-11-05T23:35:34.960 INFO [new_server_1773000] >>> è¿›ç¨‹é€€å‡º 
